[GIN-debug] [WARNING] Creating an Engine instance with the Logger and Recovery middleware already attached.

[GIN-debug] [WARNING] Running in "debug" mode. Switch to "release" mode in production.
 - using env:	export GIN_MODE=release
 - using code:	gin.SetMode(gin.ReleaseMode)

[GIN-debug] GET    /public/*filepath         --> github.com/gin-gonic/gin.(*RouterGroup).createStaticHandler.func1 (4 handlers)
[GIN-debug] HEAD   /public/*filepath         --> github.com/gin-gonic/gin.(*RouterGroup).createStaticHandler.func1 (4 handlers)
[GIN-debug] GET    /api/v1/user              --> gingon-boilerplate/controllers/user_controller.GetAll (4 handlers)
[GIN-debug] GET    /api/v1/auth/user         --> gingon-boilerplate/controllers/user_controller.GetAll (5 handlers)
[GIN-debug] GET    /api/v1/user/:id          --> gingon-boilerplate/controllers/user_controller.GetById (4 handlers)
[GIN-debug] POST   /api/v1/user              --> gingon-boilerplate/controllers/user_controller.Create (4 handlers)
[GIN-debug] GET    /api/v1/foo               --> gingon-boilerplate/controllers/home_controller.Index (4 handlers)
[GIN-debug] POST   /api/v1/image             --> gingon-boilerplate/controllers/home_controller.StoreImage (5 handlers)
[GIN-debug] POST   /api/v1/image-handler     --> gingon-boilerplate/controllers/home_controller.StoreImageHandler (4 handlers)
[GIN-debug] POST   /api/v1/file              --> gingon-boilerplate/controllers/home_controller.StoreFile (5 handlers)
[GIN-debug] GET    /api/v1/auth/admin        --> gingon-boilerplate/controllers/user_controller.GetAll (5 handlers)
[GIN-debug] [WARNING] You trusted all proxies, this is NOT safe. We recommend you to set a value.
Please check https://pkg.go.dev/github.com/gin-gonic/gin#readme-don-t-trust-all-proxies for details.
[GIN-debug] Listening and serving HTTP on :8000
2023/04/18 11:00:58 this logging test
2023/04/18 11:00:58 ERR this logging test
2023/04/18 11:00:58 INFO this logging test
2023/04/18 11:00:58 WARN this logging test
[GIN] 2023/04/18 - 11:00:58 | 200 |      1.5141ms |             ::1 | GET      "/api/v1/user"
